#
# There is insufficient memory for the Java Runtime Environment to continue.
# Native memory allocation (malloc) failed to allocate 1048576 bytes for AllocateHeap
# Possible reasons:
#   The system is out of physical RAM or swap space
#   The process is running with CompressedOops enabled, and the Java Heap may be blocking the growth of the native heap
# Possible solutions:
#   Reduce memory load on the system
#   Increase physical memory or swap space
#   Check if swap backing store is full
#   Decrease Java heap size (-Xmx/-Xms)
#   Decrease number of Java threads
#   Decrease Java thread stack sizes (-Xss)
#   Set larger code cache with -XX:ReservedCodeCacheSize=
#   JVM is running with Zero Based Compressed Oops mode in which the Java heap is
#     placed in the first 32GB address space. The Java Heap base address is the
#     maximum limit for the native heap growth. Please use -XX:HeapBaseMinAddress
#     to set the Java Heap base and to place the Java Heap above 32GB virtual address.
# This output file may be truncated or incomplete.
#
#  Out of Memory Error (allocation.cpp:44), pid=13100, tid=5164
#
# JRE version:  (21.0.8+12) (build )
# Java VM: Java HotSpot(TM) 64-Bit Server VM (21.0.8+12-LTS-250, mixed mode, sharing, tiered, compressed oops, compressed class ptrs, g1 gc, windows-amd64)
# No core dump will be written. Minidumps are not enabled by default on client versions of Windows
#

---------------  S U M M A R Y ------------

Command Line: -Dapplication.home=C:\Program Files\Java\jdk-21 --add-modules=ALL-DEFAULT -Xms8m -Djdk.module.main=jdk.compiler jdk.compiler/com.sun.tools.javac.Main -d C:\Users\dam1\Documents\NetBeansProjects\AJBM_AlquilerVehiculos\build\classes -classpath C:\Users\dam1\Documents\NetBeansProjects\AJBM_AlquilerVehiculos\build\classes -sourcepath C:\Users\dam1\Documents\NetBeansProjects\AJBM_AlquilerVehiculos\build\empty -target 21 -encoding UTF-8 -g -processorpath C:\Users\dam1\Documents\NetBeansProjects\AJBM_AlquilerVehiculos\build\empty -s C:\Users\dam1\Documents\NetBeansProjects\AJBM_AlquilerVehiculos\build\generated-sources\ap-source-output -source 21 C:\Users\dam1\Documents\NetBeansProjects\AJBM_AlquilerVehiculos\src\manejo_fechas\ManejoFecha.java C:\Users\dam1\Documents\NetBeansProjects\AJBM_AlquilerVehiculos\src\practica_alquilervehiculos\AJBM_AlquilerVehiculos.java C:\Users\dam1\Documents\NetBeansProjects\AJBM_AlquilerVehiculos\src\practica_alquilervehiculos\Alquiler.java C:\Users\dam1\Documents\NetBeansProjects\AJBM_AlquilerVehiculos\src\practica_alquilervehiculos\Cliente.java C:\Users\dam1\Documents\NetBeansProjects\AJBM_AlquilerVehiculos\src\practica_alquilervehiculos\Utilidades.java C:\Users\dam1\Documents\NetBeansProjects\AJBM_AlquilerVehiculos\src\practica_alquilervehiculos\Vehiculo.java C:\Users\dam1\Documents\NetBeansProjects\AJBM_AlquilerVehiculos\src\utiles\ES.java

Host: AMD Ryzen 5 2600 Six-Core Processor            , 12 cores, 15G,  Windows 11 , 64 bit Build 26100 (10.0.26100.7623)
Time: Wed Jan 21 16:11:31 2026 Hora est嫕dar romance elapsed time: 2.021356 seconds (0d 0h 0m 2s)

---------------  T H R E A D  ---------------

Current thread (0x0000024fabf0e610):  JavaThread "Unknown thread" [_thread_in_vm, id=5164, stack(0x0000005233c00000,0x0000005233d00000) (1024K)]

Stack: [0x0000005233c00000,0x0000005233d00000]
Native frames: (J=compiled Java code, j=interpreted, Vv=VM code, C=native code)
V  [jvm.dll+0x6cc179]
V  [jvm.dll+0x8584c1]
V  [jvm.dll+0x85a9ee]
V  [jvm.dll+0x85b0c3]
V  [jvm.dll+0x27ebf6]
V  [jvm.dll+0xbfae7]
V  [jvm.dll+0x331415]
V  [jvm.dll+0x329961]
V  [jvm.dll+0x821879]
V  [jvm.dll+0x3bc541]
V  [jvm.dll+0x80aaf8]
V  [jvm.dll+0x45172e]
V  [jvm.dll+0x453321]
C  [jli.dll+0x52a3]
C  [ucrtbase.dll+0x37b0]
C  [KERNEL32.DLL+0x2e8d7]
C  [ntdll.dll+0x8c53c]


---------------  P R O C E S S  ---------------

Threads class SMR info:
_java_thread_list=0x00007ffbdb61fc48, length=0, elements={
}

Java Threads: ( => current thread )
Total: 0

Other Threads:
  0x0000024fae33fd50 WorkerThread "GC Thread#0"                     [id=6720, stack(0x0000005233d00000,0x0000005233e00000) (1024K)]

[error occurred during error reporting (printing all threads), id 0xc0000005, EXCEPTION_ACCESS_VIOLATION (0xc0000005) at pc=0x00007ffbdad85ed0]
VM state: not at safepoint (not fully initialized)

VM Mutex/Monitor currently owned by a thread:  ([mutex/lock_event])
[0x00007ffbdb690f50] Heap_lock - owner thread: 0x0000024fabf0e610

Heap address: 0x0000000701000000, size: 4080 MB, Compressed Oops mode: Zero based, Oop shift amount: 3

CDS archive(s) mapped at: [0x0000000000000000-0x0000000000000000-0x0000000000000000), size 0, SharedBaseAddress: 0x0000000800000000, ArchiveRelocationMode: 1.
Narrow klass base: 0x0000000000000000, Narrow klass shift: 0, Narrow klass range: 0x0

GC Precious Log:
 CardTable entry size: 512
 Card Set container configuration: InlinePtr #cards 4 size 8 Array Of Cards #cards 16 size 48 Howl #buckets 8 coarsen threshold 3686 Howl Bitmap #cards 512 size 80 coarsen threshold 460 Card regions per heap region 1 cards per card region 4096

Heap:
 garbage-first heap   total 0K, used 0K [0x0000000701000000, 0x0000000800000000)
  region size 2048K, 0 young (0K), 0 survivors (0K)

[error occurred during error reporting (printing heap information), id 0xc0000005, EXCEPTION_ACCESS_VIOLATION (0xc0000005) at pc=0x00007ffbdb1751e9]
GC Heap History (0 events):
No events

Dll operation events (1 events):
Event: 0.008 Loaded shared library C:\Program Files\Java\jdk-21\bin\java.dll

Deoptimization events (0 events):
No events

Classes loaded (0 events):
No events

Classes unloaded (0 events):
No events

Classes redefined (0 events):
No events

Internal exceptions (0 events):
No events

ZGC Phase Switch (0 events):
No events

VM Operations (0 events):
No events

Events (0 events):
No events


Dynamic libraries:
0x00007ff633160000 - 0x00007ff633168000 	C:\Program Files\Java\jdk-21\bin\javac.exe
0x00007ffc4b840000 - 0x00007ffc4baa7000 	C:\WINDOWS\SYSTEM32\ntdll.dll
0x00007ffc49e10000 - 0x00007ffc49ed9000 	C:\WINDOWS\System32\KERNEL32.DLL
0x00007ffc48c80000 - 0x00007ffc4906f000 	C:\WINDOWS\System32\KERNELBASE.dll
0x00007ffc48b00000 - 0x00007ffc48c4b000 	C:\WINDOWS\System32\ucrtbase.dll
0x00007ffc48370000 - 0x00007ffc4838b000 	C:\Program Files\Java\jdk-21\bin\VCRUNTIME140.dll
0x00007ffc36ab0000 - 0x00007ffc36ac9000 	C:\Program Files\Java\jdk-21\bin\jli.dll
0x00007ffc49b40000 - 0x00007ffc49bf4000 	C:\WINDOWS\System32\ADVAPI32.dll
0x00007ffc49a90000 - 0x00007ffc49b39000 	C:\WINDOWS\System32\msvcrt.dll
0x00007ffc4a770000 - 0x00007ffc4a816000 	C:\WINDOWS\System32\sechost.dll
0x00007ffc498a0000 - 0x00007ffc499b8000 	C:\WINDOWS\System32\RPCRT4.dll
0x00007ffc4a840000 - 0x00007ffc4aa05000 	C:\WINDOWS\System32\USER32.dll
0x00007ffc350f0000 - 0x00007ffc35383000 	C:\WINDOWS\WinSxS\amd64_microsoft.windows.common-controls_6595b64144ccf1df_6.0.26100.7309_none_3e05feeae336a044\COMCTL32.dll
0x00007ffc48c50000 - 0x00007ffc48c77000 	C:\WINDOWS\System32\win32u.dll
0x00007ffc4b6d0000 - 0x00007ffc4b6fb000 	C:\WINDOWS\System32\GDI32.dll
0x00007ffc49130000 - 0x00007ffc4925c000 	C:\WINDOWS\System32\gdi32full.dll
0x00007ffc49080000 - 0x00007ffc49123000 	C:\WINDOWS\System32\msvcp_win.dll
0x00007ffc41190000 - 0x00007ffc4119b000 	C:\WINDOWS\SYSTEM32\VERSION.dll
0x00007ffc4a730000 - 0x00007ffc4a761000 	C:\WINDOWS\System32\IMM32.DLL
0x00007ffc48360000 - 0x00007ffc4836c000 	C:\Program Files\Java\jdk-21\bin\vcruntime140_1.dll
0x00007ffc1a510000 - 0x00007ffc1a59e000 	C:\Program Files\Java\jdk-21\bin\msvcp140.dll
0x00007ffbdaa50000 - 0x00007ffbdb76d000 	C:\Program Files\Java\jdk-21\bin\server\jvm.dll
0x00007ffc499c0000 - 0x00007ffc49a34000 	C:\WINDOWS\System32\WS2_32.dll
0x00007ffc487f0000 - 0x00007ffc4884e000 	C:\WINDOWS\SYSTEM32\POWRPROF.dll
0x00007ffc3a7c0000 - 0x00007ffc3a7f5000 	C:\WINDOWS\SYSTEM32\WINMM.dll
0x00007ffc487d0000 - 0x00007ffc487e4000 	C:\WINDOWS\SYSTEM32\UMPDC.dll
0x00007ffc46e10000 - 0x00007ffc46e2b000 	C:\WINDOWS\SYSTEM32\kernel.appcore.dll
0x00007ffc48350000 - 0x00007ffc4835a000 	C:\Program Files\Java\jdk-21\bin\jimage.dll
0x00007ffc1e260000 - 0x00007ffc1e4a2000 	C:\WINDOWS\SYSTEM32\DBGHELP.DLL
0x00007ffc4b0a0000 - 0x00007ffc4b426000 	C:\WINDOWS\System32\combase.dll
0x00007ffc4a650000 - 0x00007ffc4a726000 	C:\WINDOWS\System32\OLEAUT32.dll
0x00007ffc355b0000 - 0x00007ffc355ec000 	C:\WINDOWS\SYSTEM32\dbgcore.DLL
0x00007ffc49320000 - 0x00007ffc493c5000 	C:\WINDOWS\System32\bcryptPrimitives.dll
0x00007ffc47cb0000 - 0x00007ffc47ccf000 	C:\Program Files\Java\jdk-21\bin\java.dll

dbghelp: loaded successfully - version: 4.0.5 - missing functions: none
symbol engine: initialized successfully - sym options: 0x614 - pdb path: .;C:\Program Files\Java\jdk-21\bin;C:\WINDOWS\SYSTEM32;C:\WINDOWS\WinSxS\amd64_microsoft.windows.common-controls_6595b64144ccf1df_6.0.26100.7309_none_3e05feeae336a044;C:\Program Files\Java\jdk-21\bin\server

VM Arguments:
jvm_args: -Dapplication.home=C:\Program Files\Java\jdk-21 --add-modules=ALL-DEFAULT -Xms8m -Djdk.module.main=jdk.compiler 
java_command: jdk.compiler/com.sun.tools.javac.Main -d C:\Users\dam1\Documents\NetBeansProjects\AJBM_AlquilerVehiculos\build\classes -classpath C:\Users\dam1\Documents\NetBeansProjects\AJBM_AlquilerVehiculos\build\classes -sourcepath C:\Users\dam1\Documents\NetBeansProjects\AJBM_AlquilerVehiculos\build\empty -target 21 -encoding UTF-8 -g -processorpath C:\Users\dam1\Documents\NetBeansProjects\AJBM_AlquilerVehiculos\build\empty -s C:\Users\dam1\Documents\NetBeansProjects\AJBM_AlquilerVehiculos\build\generated-sources\ap-source-output -source 21 C:\Users\dam1\Documents\NetBeansProjects\AJBM_AlquilerVehiculos\src\manejo_fechas\ManejoFecha.java C:\Users\dam1\Documents\NetBeansProjects\AJBM_AlquilerVehiculos\src\practica_alquilervehiculos\AJBM_AlquilerVehiculos.java C:\Users\dam1\Documents\NetBeansProjects\AJBM_AlquilerVehiculos\src\practica_alquilervehiculos\Alquiler.java C:\Users\dam1\Documents\NetBeansProjects\AJBM_AlquilerVehiculos\src\practica_alquilervehiculos\Cliente.java C:\Users\dam1\Documents\NetBeansProjects\AJBM_AlquilerVehiculos\src\practica_alquilervehiculos\Utilidades.java C:\Users\dam1\Documents\NetBeansProjects\AJBM_AlquilerVehiculos\src\practica_alquilervehiculos\Vehiculo.java C:\Users\dam1\Documents\NetBeansProjects\AJBM_AlquilerVehiculos\src\utiles\ES.java
java_class_path (initial): <not set>
Launcher Type: SUN_STANDARD

[Global flags]
     intx CICompilerCount                          = 4                                         {product} {ergonomic}
     uint ConcGCThreads                            = 3                                         {product} {ergonomic}
     uint G1ConcRefinementThreads                  = 10                                        {product} {ergonomic}
   size_t G1HeapRegionSize                         = 2097152                                   {product} {ergonomic}
    uintx GCDrainStackTargetSize                   = 64                                        {product} {ergonomic}
   size_t InitialHeapSize                          = 8388608                                   {product} {command line}
   size_t MarkStackSize                            = 4194304                                   {product} {ergonomic}
   size_t MaxHeapSize                              = 4278190080                                {product} {ergonomic}
   size_t MinHeapDeltaBytes                        = 2097152                                   {product} {ergonomic}
   size_t MinHeapSize                              = 8388608                                   {product} {command line}
    uintx NonNMethodCodeHeapSize                   = 5839372                                {pd product} {ergonomic}
    uintx NonProfiledCodeHeapSize                  = 122909434                              {pd product} {ergonomic}
    uintx ProfiledCodeHeapSize                     = 122909434                              {pd product} {ergonomic}
    uintx ReservedCodeCacheSize                    = 251658240                              {pd product} {ergonomic}
     bool SegmentedCodeCache                       = true                                      {product} {ergonomic}
   size_t SoftMaxHeapSize                          = 4278190080                             {manageable} {ergonomic}
     bool UseCompressedOops                        = true                           {product lp64_product} {ergonomic}
     bool UseG1GC                                  = true                                      {product} {ergonomic}
     bool UseLargePagesIndividualAllocation        = false                                  {pd product} {ergonomic}

Logging:
Log output configuration:
 #0: stdout all=warning uptime,level,tags foldmultilines=false
 #1: stderr all=off uptime,level,tags foldmultilines=false

Environment Variables:
PATH=C:\Program Files\Eclipse Adoptium\jdk-25.0.1.8-hotspot\bin;C:\app\dam1\product\18.0.0\dbhomeXE\bin;C:\Program Files\Common Files\Oracle\Java\javapath;C:\WINDOWS\system32;C:\WINDOWS;C:\WINDOWS\System32\Wbem;C:\WINDOWS\System32\WindowsPowerShell\v1.0\;C:\WINDOWS\System32\OpenSSH\;C:\Program Files\nodejs\;C:\Users\dam1\AppData\Local\Microsoft\WindowsApps;C:\Users\dam1\AppData\Local\Programs\Microsoft VS Code\bin;C:\msys64\ucrt64\bin;
USERNAME=dam1
OS=Windows_NT
PROCESSOR_IDENTIFIER=AMD64 Family 23 Model 8 Stepping 2, AuthenticAMD
TMP=C:\Users\dam1\AppData\Local\Temp
TEMP=C:\Users\dam1\AppData\Local\Temp




Periodic native trim disabled

---------------  S Y S T E M  ---------------

OS:
 Windows 11 , 64 bit Build 26100 (10.0.26100.7623)
OS uptime: 1 days 3:35 hours

CPU: total 12 (initial active 12) (12 cores per cpu, 2 threads per core) family 23 model 8 stepping 2 microcode 0x800820d, cx8, cmov, fxsr, ht, mmx, 3dnowpref, sse, sse2, sse3, ssse3, sse4a, sse4.1, sse4.2, popcnt, lzcnt, tsc, tscinvbit, avx, avx2, aes, clmul, bmi1, bmi2, adx, sha, fma, vzeroupper, clflush, clflushopt, rdtscp, f16c
Processor Information for all 12 processors :
  Max Mhz: 3400, Current Mhz: 3400, Mhz Limit: 3400

Memory: 4k page, system-wide physical 16314M (5430M free)
TotalPageFile size 44824M (AvailPageFile size 5M)
current process WorkingSet (physical memory assigned to process): 12M, peak: 12M
current process commit charge ("private bytes"): 54M, peak: 55M

vm_info: Java HotSpot(TM) 64-Bit Server VM (21.0.8+12-LTS-250) for windows-amd64 JRE (21.0.8+12-LTS-250), built on 2025-06-27T08:11:22Z by "mach5one" with MS VC++ 17.6 (VS2022)

END.
